This is pdfTeX, Version 3.14159265-2.6-1.40.15 (TeX Live 2014) (preloaded format=pdflatex 2014.5.25)  3 FEB 2015 12:04
entering extended mode
 \write18 enabled.
 file:line:error style messages enabled.
 %&-line parsing enabled.
**majercik-green-pso.tex
(./majercik-green-pso.tex
LaTeX2e <2014/05/01>
Babel <3.9k> and hyphenation patterns for 78 languages loaded.
(/usr/local/texlive/2014/texmf-dist/tex/latex/base/article.cls
Document Class: article 2007/10/19 v1.4h Standard LaTeX document class
(/usr/local/texlive/2014/texmf-dist/tex/latex/base/size10.clo
File: size10.clo 2007/10/19 v1.4h Standard LaTeX file (size option)
)
\c@part=\count79
\c@section=\count80
\c@subsection=\count81
\c@subsubsection=\count82
\c@paragraph=\count83
\c@subparagraph=\count84
\c@figure=\count85
\c@table=\count86
\abovecaptionskip=\skip41
\belowcaptionskip=\skip42
\bibindent=\dimen102
)
(/usr/local/texlive/2014/texmf-dist/tex/latex/graphics/epsfig.sty
Package: epsfig 1999/02/16 v1.7a (e)psfig emulation (SPQR)

(/usr/local/texlive/2014/texmf-dist/tex/latex/graphics/graphicx.sty
Package: graphicx 2014/04/25 v1.0g Enhanced LaTeX Graphics (DPC,SPQR)

(/usr/local/texlive/2014/texmf-dist/tex/latex/graphics/keyval.sty
Package: keyval 2014/05/08 v1.15 key=value parser (DPC)
\KV@toks@=\toks14
)
(/usr/local/texlive/2014/texmf-dist/tex/latex/graphics/graphics.sty
Package: graphics 2009/02/05 v1.0o Standard LaTeX Graphics (DPC,SPQR)

(/usr/local/texlive/2014/texmf-dist/tex/latex/graphics/trig.sty
Package: trig 1999/03/16 v1.09 sin cos tan (DPC)
)
(/usr/local/texlive/2014/texmf-dist/tex/latex/latexconfig/graphics.cfg
File: graphics.cfg 2010/04/23 v1.9 graphics configuration of TeX Live
)
Package graphics Info: Driver file: pdftex.def on input line 91.

(/usr/local/texlive/2014/texmf-dist/tex/latex/pdftex-def/pdftex.def
File: pdftex.def 2011/05/27 v0.06d Graphics/color for pdfTeX

(/usr/local/texlive/2014/texmf-dist/tex/generic/oberdiek/infwarerr.sty
Package: infwarerr 2010/04/08 v1.3 Providing info/warning/error messages (HO)
)
(/usr/local/texlive/2014/texmf-dist/tex/generic/oberdiek/ltxcmds.sty
Package: ltxcmds 2011/11/09 v1.22 LaTeX kernel commands for general use (HO)
)
\Gread@gobject=\count87
))
\Gin@req@height=\dimen103
\Gin@req@width=\dimen104
)
\epsfxsize=\dimen105
\epsfysize=\dimen106
)
(/usr/local/texlive/2014/texmf-dist/tex/latex/subfigure/subfigure.sty
Package: subfigure 2002/03/15 v2.1.5 subfigure package
\subfigtopskip=\skip43
\subfigcapskip=\skip44
\subfigcaptopadj=\dimen107
\subfigbottomskip=\skip45
\subfigcapmargin=\dimen108
\subfiglabelskip=\skip46
\c@subfigure=\count88
\c@lofdepth=\count89
\c@subtable=\count90
\c@lotdepth=\count91

****************************************
* Local config file subfigure.cfg used *
****************************************
(/usr/local/texlive/2014/texmf-dist/tex/latex/subfigure/subfigure.cfg)
\subfig@top=\skip47
\subfig@bottom=\skip48
)
(/usr/local/texlive/2014/texmf-dist/tex/latex/tools/calc.sty
Package: calc 2007/08/22 v4.3 Infix arithmetic (KKT,FJ)
\calc@Acount=\count92
\calc@Bcount=\count93
\calc@Adimen=\dimen109
\calc@Bdimen=\dimen110
\calc@Askip=\skip49
\calc@Bskip=\skip50
LaTeX Info: Redefining \setlength on input line 75.
LaTeX Info: Redefining \addtolength on input line 76.
\calc@Ccount=\count94
\calc@Cskip=\skip51
)
(/usr/local/texlive/2014/texmf-dist/tex/latex/amsfonts/amssymb.sty
Package: amssymb 2013/01/14 v3.01 AMS font symbols

(/usr/local/texlive/2014/texmf-dist/tex/latex/amsfonts/amsfonts.sty
Package: amsfonts 2013/01/14 v3.01 Basic AMSFonts support
\@emptytoks=\toks15
\symAMSa=\mathgroup4
\symAMSb=\mathgroup5
LaTeX Font Info:    Overwriting math alphabet `\mathfrak' in version `bold'
(Font)                  U/euf/m/n --> U/euf/b/n on input line 106.
))
(/usr/local/texlive/2014/texmf-dist/tex/latex/amsmath/amstext.sty
Package: amstext 2000/06/29 v2.01

(/usr/local/texlive/2014/texmf-dist/tex/latex/amsmath/amsgen.sty
File: amsgen.sty 1999/11/30 v2.0
\@emptytoks=\toks16
\ex@=\dimen111
))
(/usr/local/texlive/2014/texmf-dist/tex/latex/amsmath/amsmath.sty
Package: amsmath 2013/01/14 v2.14 AMS math features
\@mathmargin=\skip52

For additional information on amsmath, use the `?' option.
(/usr/local/texlive/2014/texmf-dist/tex/latex/amsmath/amsbsy.sty
Package: amsbsy 1999/11/29 v1.2d
\pmbraise@=\dimen112
)
(/usr/local/texlive/2014/texmf-dist/tex/latex/amsmath/amsopn.sty
Package: amsopn 1999/12/14 v2.01 operator names
)
\inf@bad=\count95
LaTeX Info: Redefining \frac on input line 210.
\uproot@=\count96
\leftroot@=\count97
LaTeX Info: Redefining \overline on input line 306.
\classnum@=\count98
\DOTSCASE@=\count99
LaTeX Info: Redefining \ldots on input line 378.
LaTeX Info: Redefining \dots on input line 381.
LaTeX Info: Redefining \cdots on input line 466.
\Mathstrutbox@=\box26
\strutbox@=\box27
\big@size=\dimen113
LaTeX Font Info:    Redeclaring font encoding OML on input line 566.
LaTeX Font Info:    Redeclaring font encoding OMS on input line 567.
\macc@depth=\count100
\c@MaxMatrixCols=\count101
\dotsspace@=\muskip10
\c@parentequation=\count102
\dspbrk@lvl=\count103
\tag@help=\toks17
\row@=\count104
\column@=\count105
\maxfields@=\count106
\andhelp@=\toks18
\eqnshift@=\dimen114
\alignsep@=\dimen115
\tagshift@=\dimen116
\tagwidth@=\dimen117
\totwidth@=\dimen118
\lineht@=\dimen119
\@envbody=\toks19
\multlinegap=\skip53
\multlinetaggap=\skip54
\mathdisplay@stack=\toks20
LaTeX Info: Redefining \[ on input line 2665.
LaTeX Info: Redefining \] on input line 2666.
)
(/usr/local/texlive/2014/texmf-dist/tex/latex/amscls/amsthm.sty
Package: amsthm 2004/08/06 v2.20
\thm@style=\toks21
\thm@bodyfont=\toks22
\thm@headfont=\toks23
\thm@notefont=\toks24
\thm@headpunct=\toks25
\thm@preskip=\skip55
\thm@postskip=\skip56
\thm@headsep=\skip57
\dth@everypar=\toks26
)
(/usr/local/texlive/2014/texmf-dist/tex/latex/tools/multicol.sty
Package: multicol 2014/04/23 v1.8e multicolumn formatting (FMi)
\c@tracingmulticols=\count107
\mult@box=\box28
\multicol@leftmargin=\dimen120
\c@unbalance=\count108
\c@collectmore=\count109
\doublecol@number=\count110
\multicoltolerance=\count111
\multicolpretolerance=\count112
\full@width=\dimen121
\page@free=\dimen122
\premulticols=\dimen123
\postmulticols=\dimen124
\multicolsep=\skip58
\multicolbaselineskip=\skip59
\partial@page=\box29
\last@line=\box30
\maxbalancingoverflow=\dimen125
\mult@rightbox=\box31
\mult@grightbox=\box32
\mult@gfirstbox=\box33
\mult@firstbox=\box34
\@tempa=\box35
\@tempa=\box36
\@tempa=\box37
\@tempa=\box38
\@tempa=\box39
\@tempa=\box40
\@tempa=\box41
\@tempa=\box42
\@tempa=\box43
\@tempa=\box44
\@tempa=\box45
\@tempa=\box46
\@tempa=\box47
\@tempa=\box48
\@tempa=\box49
\@tempa=\box50
\@tempa=\box51
\c@columnbadness=\count113
\c@finalcolumnbadness=\count114
\last@try=\dimen126
\multicolovershoot=\dimen127
\multicolundershoot=\dimen128
\mult@nat@firstbox=\box52
\colbreak@box=\box53
\mc@col@check@num=\count115
)
(/usr/local/texlive/2014/texmf-dist/tex/latex/pslatex/pslatex.sty
Package: pslatex 1996/07/24 v1.2 pslatex emulation (DPC)
LaTeX Font Info:    Redeclaring symbol font `operators' on input line 65.
LaTeX Font Info:    Overwriting symbol font `operators' in version `normal'
(Font)                  OT1/cmr/m/n --> OT1/ptmcm/m/n on input line 65.
LaTeX Font Info:    Overwriting symbol font `operators' in version `bold'
(Font)                  OT1/cmr/bx/n --> OT1/ptmcm/m/n on input line 65.
LaTeX Font Info:    Redeclaring symbol font `letters' on input line 66.
LaTeX Font Info:    Overwriting symbol font `letters' in version `normal'
(Font)                  OML/cmm/m/it --> OML/ptmcm/m/it on input line 66.
LaTeX Font Info:    Overwriting symbol font `letters' in version `bold'
(Font)                  OML/cmm/b/it --> OML/ptmcm/m/it on input line 66.
LaTeX Font Info:    Redeclaring symbol font `symbols' on input line 67.
LaTeX Font Info:    Overwriting symbol font `symbols' in version `normal'
(Font)                  OMS/cmsy/m/n --> OMS/pzccm/m/n on input line 67.
LaTeX Font Info:    Overwriting symbol font `symbols' in version `bold'
(Font)                  OMS/cmsy/b/n --> OMS/pzccm/m/n on input line 67.
LaTeX Font Info:    Redeclaring symbol font `largesymbols' on input line 68.
LaTeX Font Info:    Overwriting symbol font `largesymbols' in version `normal'
(Font)                  OMX/cmex/m/n --> OMX/psycm/m/n on input line 68.
LaTeX Font Info:    Overwriting symbol font `largesymbols' in version `bold'
(Font)                  OMX/cmex/m/n --> OMX/psycm/m/n on input line 68.
\symbold=\mathgroup6
\symitalic=\mathgroup7
LaTeX Font Info:    Redeclaring math alphabet \mathbf on input line 74.
LaTeX Font Info:    Overwriting math alphabet `\mathbf' in version `normal'
(Font)                  OT1/cmr/bx/n --> OT1/ptm/bx/n on input line 74.
LaTeX Font Info:    Overwriting math alphabet `\mathbf' in version `bold'
(Font)                  OT1/cmr/bx/n --> OT1/ptm/bx/n on input line 74.
LaTeX Font Info:    Redeclaring math alphabet \mathit on input line 75.
LaTeX Font Info:    Overwriting math alphabet `\mathit' in version `normal'
(Font)                  OT1/cmr/m/it --> OT1/ptm/m/it on input line 75.
LaTeX Font Info:    Overwriting math alphabet `\mathit' in version `bold'
(Font)                  OT1/cmr/bx/it --> OT1/ptm/m/it on input line 75.
)
(/usr/local/texlive/2014/texmf-dist/tex/generic/bibtex/apalike.sty
\bibhang=\skip60
)
(./SciTePress.sty
Conference Style for SCITEPRESS for LaTeX 2e -- version of April 2013
\titlebox=\skip61
) (/usr/local/texlive/2014/texmf-dist/tex/latex/caption/caption.sty
Package: caption 2013/05/02 v3.3-89 Customizing captions (AR)

(/usr/local/texlive/2014/texmf-dist/tex/latex/caption/caption3.sty
Package: caption3 2013/05/02 v1.6-88 caption3 kernel (AR)
Package caption3 Info: TeX engine: e-TeX on input line 57.
\captionmargin=\dimen129
\captionmargin@=\dimen130
\captionwidth=\dimen131
\caption@tempdima=\dimen132
\caption@indent=\dimen133
\caption@parindent=\dimen134
\caption@hangindent=\dimen135
)
\c@ContinuedFloat=\count116
Package caption Info: subfigure package is loaded.
)
(./majercik-green-pso.aux)
\openout1 = `majercik-green-pso.aux'.

LaTeX Font Info:    Checking defaults for OML/cmm/m/it on input line 83.
LaTeX Font Info:    ... okay on input line 83.
LaTeX Font Info:    Checking defaults for T1/cmr/m/n on input line 83.
LaTeX Font Info:    ... okay on input line 83.
LaTeX Font Info:    Checking defaults for OT1/cmr/m/n on input line 83.
LaTeX Font Info:    ... okay on input line 83.
LaTeX Font Info:    Checking defaults for OMS/pzccm/m/n on input line 83.
LaTeX Font Info:    Try loading font information for OMS+pzccm on input line 83
.

(/usr/local/texlive/2014/texmf-dist/tex/latex/psnfss/omspzccm.fd
File: omspzccm.fd 2000/01/03 Fontinst v1.801 font definitions for OMS/pzccm.
)
LaTeX Font Info:    ... okay on input line 83.
LaTeX Font Info:    Checking defaults for OMX/cmex/m/n on input line 83.
LaTeX Font Info:    ... okay on input line 83.
LaTeX Font Info:    Checking defaults for U/cmr/m/n on input line 83.
LaTeX Font Info:    ... okay on input line 83.

(/usr/local/texlive/2014/texmf-dist/tex/context/base/supp-pdf.mkii
[Loading MPS to PDF converter (version 2006.09.02).]
\scratchcounter=\count117
\scratchdimen=\dimen136
\scratchbox=\box54
\nofMPsegments=\count118
\nofMParguments=\count119
\everyMPshowfont=\toks27
\MPscratchCnt=\count120
\MPscratchDim=\dimen137
\MPnumerator=\count121
\makeMPintoPDFobject=\count122
\everyMPtoPDFconversion=\toks28
) (/usr/local/texlive/2014/texmf-dist/tex/generic/oberdiek/pdftexcmds.sty
Package: pdftexcmds 2011/11/29 v0.20 Utility functions of pdfTeX for LuaTeX (HO
)

(/usr/local/texlive/2014/texmf-dist/tex/generic/oberdiek/ifluatex.sty
Package: ifluatex 2010/03/01 v1.3 Provides the ifluatex switch (HO)
Package ifluatex Info: LuaTeX not detected.
)
(/usr/local/texlive/2014/texmf-dist/tex/generic/oberdiek/ifpdf.sty
Package: ifpdf 2011/01/30 v2.3 Provides the ifpdf switch (HO)
Package ifpdf Info: pdfTeX in PDF mode is detected.
)
Package pdftexcmds Info: LuaTeX not detected.
Package pdftexcmds Info: \pdf@primitive is available.
Package pdftexcmds Info: \pdf@ifprimitive is available.
Package pdftexcmds Info: \pdfdraftmode found.
)
(/usr/local/texlive/2014/texmf-dist/tex/latex/oberdiek/epstopdf-base.sty
Package: epstopdf-base 2010/02/09 v2.5 Base part for package epstopdf

(/usr/local/texlive/2014/texmf-dist/tex/latex/oberdiek/grfext.sty
Package: grfext 2010/08/19 v1.1 Manage graphics extensions (HO)

(/usr/local/texlive/2014/texmf-dist/tex/generic/oberdiek/kvdefinekeys.sty
Package: kvdefinekeys 2011/04/07 v1.3 Define keys (HO)
))
(/usr/local/texlive/2014/texmf-dist/tex/latex/oberdiek/kvoptions.sty
Package: kvoptions 2011/06/30 v3.11 Key value format for package options (HO)

(/usr/local/texlive/2014/texmf-dist/tex/generic/oberdiek/kvsetkeys.sty
Package: kvsetkeys 2012/04/25 v1.16 Key value parser (HO)

(/usr/local/texlive/2014/texmf-dist/tex/generic/oberdiek/etexcmds.sty
Package: etexcmds 2011/02/16 v1.5 Avoid name clashes with e-TeX commands (HO)
Package etexcmds Info: Could not find \expanded.
(etexcmds)             That can mean that you are not using pdfTeX 1.50 or
(etexcmds)             that some package has redefined \expanded.
(etexcmds)             In the latter case, load this package earlier.
)))
Package grfext Info: Graphics extension search list:
(grfext)             [.png,.pdf,.jpg,.mps,.jpeg,.jbig2,.jb2,.PNG,.PDF,.JPG,.JPE
G,.JBIG2,.JB2,.eps]
(grfext)             \AppendGraphicsExtensions on input line 452.

(/usr/local/texlive/2014/texmf-dist/tex/latex/latexconfig/epstopdf-sys.cfg
File: epstopdf-sys.cfg 2010/07/13 v1.3 Configuration of (r)epstopdf for TeX Liv
e
))
Package caption Info: Begin \AtBeginDocument code.
Package caption Info: End \AtBeginDocument code.
LaTeX Font Info:    Font shape `OT1/ptm/bx/n' in size <14.4> not available
(Font)              Font shape `OT1/ptm/b/n' tried instead on input line 97.
LaTeX Font Info:    Calculating math sizes for size <11> on input line 97.
LaTeX Font Info:    Try loading font information for OT1+ptmcm on input line 97
.

(/usr/local/texlive/2014/texmf-dist/tex/latex/psnfss/ot1ptmcm.fd
File: ot1ptmcm.fd 2000/01/03 Fontinst v1.801 font definitions for OT1/ptmcm.
)
LaTeX Font Info:    Try loading font information for OML+ptmcm on input line 97
.

(/usr/local/texlive/2014/texmf-dist/tex/latex/psnfss/omlptmcm.fd
File: omlptmcm.fd 2000/01/03 Fontinst v1.801 font definitions for OML/ptmcm.
)
LaTeX Font Info:    Try loading font information for OMX+psycm on input line 97
.

(/usr/local/texlive/2014/texmf-dist/tex/latex/psnfss/omxpsycm.fd
File: omxpsycm.fd 2000/01/03 Fontinst v1.801 font definitions for OMX/psycm.
)
LaTeX Font Info:    Try loading font information for U+msa on input line 97.

(/usr/local/texlive/2014/texmf-dist/tex/latex/amsfonts/umsa.fd
File: umsa.fd 2013/01/14 v3.01 AMS symbols A
)
LaTeX Font Info:    Try loading font information for U+msb on input line 97.

(/usr/local/texlive/2014/texmf-dist/tex/latex/amsfonts/umsb.fd
File: umsb.fd 2013/01/14 v3.01 AMS symbols B
)
LaTeX Font Info:    Font shape `OT1/ptm/bx/n' in size <11> not available
(Font)              Font shape `OT1/ptm/b/n' tried instead on input line 97.
LaTeX Font Info:    Font shape `OT1/ptm/bx/n' in size <7.69997> not available
(Font)              Font shape `OT1/ptm/b/n' tried instead on input line 97.
LaTeX Font Info:    Font shape `OT1/ptm/bx/n' in size <5.5> not available
(Font)              Font shape `OT1/ptm/b/n' tried instead on input line 97.
LaTeX Font Info:    Font shape `OT1/ptm/bx/n' in size <9> not available
(Font)              Font shape `OT1/ptm/b/n' tried instead on input line 97.
LaTeX Font Info:    Font shape `OT1/ptm/bx/n' in size <7> not available
(Font)              Font shape `OT1/ptm/b/n' tried instead on input line 97.
LaTeX Font Info:    Font shape `OT1/ptm/bx/n' in size <5> not available
(Font)              Font shape `OT1/ptm/b/n' tried instead on input line 97.

Underfull \hbox (badness 10000) in paragraph at lines 97--97

 []

LaTeX Font Info:    Font shape `OT1/ptm/bx/n' in size <13> not available
(Font)              Font shape `OT1/ptm/b/n' tried instead on input line 102.

Underfull \hbox (badness 2556) in paragraph at lines 111--112
[]\OT1/ptm/m/n/10 A com-mon way of ad-dress-ing this prob-lem
 []


Underfull \hbox (badness 1052) in paragraph at lines 111--112
\OT1/ptm/m/n/10 ral net-works (Landa-Becerra et al., 2008). An-
 []


Underfull \vbox (badness 1490) has occurred while \output is active []

 [1{/usr/local/texlive/2014/texmf-var/fonts/map/pdftex/updmap/pdftex.map}




]
LaTeX Font Info:    Font shape `OT1/ptm/bx/n' in size <12> not available
(Font)              Font shape `OT1/ptm/b/n' tried instead on input line 123.
LaTeX Font Info:    Font shape `OT1/ptm/bx/n' in size <10> not available
(Font)              Font shape `OT1/ptm/b/n' tried instead on input line 125.
LaTeX Font Info:    Font shape `OT1/ptm/bx/n' in size <7.4> not available
(Font)              Font shape `OT1/ptm/b/n' tried instead on input line 125.
LaTeX Font Info:    Font shape `OT1/ptm/bx/n' in size <6> not available
(Font)              Font shape `OT1/ptm/b/n' tried instead on input line 125.

Overfull \hbox (4.33832pt too wide) in paragraph at lines 130--130
[] 
 []

LaTeX Font Info:    Font shape `OMS/ptm/m/n' in size <10> not available
(Font)              Font shape `OMS/pzccm/m/n' tried instead on input line 134.


Underfull \hbox (badness 3471) in paragraph at lines 140--144
\OT1/ptm/m/n/10 The value of the con-stric-tion co-ef-fi-cient $\OML/ptmcm/m/it
/10 ^^_$ \OT1/ptm/m/n/10 is:
 []


LaTeX Warning: `h' float specifier changed to `ht'.

[2]
LaTeX Font Info:    Font shape `OT1/ptm/bx/it' in size <10> not available
(Font)              Font shape `OT1/ptm/b/it' tried instead on input line 214.

Overfull \hbox (7.20703pt too wide) in paragraph at lines 201--336
[][] 
 []


LaTeX Warning: Float too large for page by 15.3044pt on input line 338.


<graphs/sphere-gbest-20-and-50-parts-3-probFEs.pdf, id=16, 794.97pt x 614.295pt
>
File: graphs/sphere-gbest-20-and-50-parts-3-probFEs.pdf Graphic file (type pdf)

 <use graphs/sphere-gbest-20-and-50-parts-3-probFEs.pdf>
Package pdftex.def Info: graphs/sphere-gbest-20-and-50-parts-3-probFEs.pdf used
 on input line 345.
(pdftex.def)             Requested size: 216.81pt x 153.15526pt.

<graphs/rosenbrock-gbest-20-and-50-parts-3-probFEs.pdf, id=18, 794.97pt x 614.2
95pt>
File: graphs/rosenbrock-gbest-20-and-50-parts-3-probFEs.pdf Graphic file (type 
pdf)
 <use graphs/rosenbrock-gbest-20-and-50-parts-3-probFEs.pdf>
Package pdftex.def Info: graphs/rosenbrock-gbest-20-and-50-parts-3-probFEs.pdf 
used on input line 348.
(pdftex.def)             Requested size: 216.81pt x 153.15526pt.

<graphs/ackley-gbest-20-and-50-parts-3-probFEs.pdf, id=20, 794.97pt x 614.295pt
>
File: graphs/ackley-gbest-20-and-50-parts-3-probFEs.pdf Graphic file (type pdf)

 <use graphs/ackley-gbest-20-and-50-parts-3-probFEs.pdf>
Package pdftex.def Info: graphs/ackley-gbest-20-and-50-parts-3-probFEs.pdf used
 on input line 351.
(pdftex.def)             Requested size: 216.81pt x 153.15526pt.

<graphs/griewank-gbest-20-and-50-parts-3-probFEs.pdf, id=22, 794.97pt x 614.295
pt>
File: graphs/griewank-gbest-20-and-50-parts-3-probFEs.pdf Graphic file (type pd
f)
 <use graphs/griewank-gbest-20-and-50-parts-3-probFEs.pdf>
Package pdftex.def Info: graphs/griewank-gbest-20-and-50-parts-3-probFEs.pdf us
ed on input line 354.
(pdftex.def)             Requested size: 216.81pt x 153.15526pt.

<graphs/rastrigin-gbest-20-and-50-parts-3-probFEs.pdf, id=24, 794.97pt x 614.29
5pt>
File: graphs/rastrigin-gbest-20-and-50-parts-3-probFEs.pdf Graphic file (type p
df)
 <use graphs/rastrigin-gbest-20-and-50-parts-3-probFEs.pdf>
Package pdftex.def Info: graphs/rastrigin-gbest-20-and-50-parts-3-probFEs.pdf u
sed on input line 357.
(pdftex.def)             Requested size: 216.81pt x 153.15526pt.

<graphs/penal-p16-gbest-20-and-50-parts-3-probFEs.pdf, id=26, 794.97pt x 614.29
5pt>
File: graphs/penal-p16-gbest-20-and-50-parts-3-probFEs.pdf Graphic file (type p
df)
 <use graphs/penal-p16-gbest-20-and-50-parts-3-probFEs.pdf>
Package pdftex.def Info: graphs/penal-p16-gbest-20-and-50-parts-3-probFEs.pdf u
sed on input line 360.
(pdftex.def)             Requested size: 216.81pt x 153.15526pt.

Underfull \hbox (badness 1237) in paragraph at lines 345--361
[][] []
 []


Underfull \hbox (badness 1237) in paragraph at lines 345--361
[] []
 []


Underfull \vbox (badness 1253) has occurred while \output is active []

 [3]
[4] [5 <./graphs/sphere-gbest-20-and-50-parts-3-probFEs.pdf> <./graphs/rosenbro
ck-gbest-20-and-50-parts-3-probFEs.pdf> <./graphs/ackley-gbest-20-and-50-parts-
3-probFEs.pdf> <./graphs/griewank-gbest-20-and-50-parts-3-probFEs.pdf> <./graph
s/rastrigin-gbest-20-and-50-parts-3-probFEs.pdf> <./graphs/penal-p16-gbest-20-a
nd-50-parts-3-probFEs.pdf>]
Underfull \hbox (badness 1424) in paragraph at lines 375--376
\OT1/ptm/m/sc/10 gr-pso \OT1/ptm/m/n/10 show-ing the low-est me-dian er-ror in 
all
 []


Underfull \vbox (badness 2970) has occurred while \output is active []

 [6]
Underfull \vbox (badness 2970) has occurred while \output is active []

 [7]
Underfull \hbox (badness 1242) in paragraph at lines 489--490
\OT1/ptm/m/n/10 be fruit-ful to think of func-tion eval-u-a-tions as a
 []

(./majercik-green-pso.bbl
Underfull \hbox (badness 1097) in paragraph at lines 34--38
\OT1/ptm/m/it/9 Objective Evo-lu-tion-ary Al-go-rithms for Knowl-edge
 []

) [8] (./majercik-green-pso.aux)

LaTeX Warning: Label(s) may have changed. Rerun to get cross-references right.

 ) 
Here is how much of TeX's memory you used:
 4280 strings out of 493117
 63561 string characters out of 6135433
 166640 words of memory out of 5000000
 7631 multiletter control sequences out of 15000+600000
 62185 words of font info for 129 fonts, out of 8000000 for 9000
 1141 hyphenation exceptions out of 8191
 38i,9n,38p,1378b,296s stack positions out of 5000i,500n,10000p,200000b,80000s
{/usr/local/texlive/2014/texmf-dist/fonts/enc/dvips/base/8r.enc}</usr/local/t
exlive/2014/texmf-dist/fonts/type1/public/amsfonts/cm/cmmi10.pfb></usr/local/te
xlive/2014/texmf-dist/fonts/type1/public/amsfonts/cm/cmr10.pfb></usr/local/texl
ive/2014/texmf-dist/fonts/type1/public/amsfonts/cm/cmsy10.pfb></usr/local/texli
ve/2014/texmf-dist/fonts/type1/urw/symbol/usyr.pfb></usr/local/texlive/2014/tex
mf-dist/fonts/type1/urw/times/utmb8a.pfb></usr/local/texlive/2014/texmf-dist/fo
nts/type1/urw/times/utmbi8a.pfb></usr/local/texlive/2014/texmf-dist/fonts/type1
/urw/times/utmr8a.pfb></usr/local/texlive/2014/texmf-dist/fonts/type1/urw/times
/utmri8a.pfb>
Output written on majercik-green-pso.pdf (8 pages, 271854 bytes).
PDF statistics:
 215 PDF objects out of 1000 (max. 8388607)
 165 compressed objects within 2 object streams
 0 named destinations out of 1000 (max. 500000)
 67 words of extra memory for PDF output out of 10000 (max. 10000000)

